errors 1-99 are reserved for internal errorHandler errors : format _100#message

100-199 Tram-Util errors:

_100#could not load 'tram_data'
_101#could not open specific tram file
_102#tried to read corrupted tram file (invalid format)
_103#no valid tram lines could be loaded
_104#station in "validated" stations vector could not be found in getStationDistance
_105#requested tram line not found

200-299 money-Util errors:
_200#negative money input
_201#change not possible
_202#change could not be fully made

300-399 ui-Util errors:
_300#could not load ioUtil dependecy in ui-Util

400-499 io-Util errors:
_400#could not load uiUtil dependecy in io-Util

500-599 orchestrator errors:
_500#money input less than price after validation

600-700 "main" errors:
_600#wrong operating system